<?xml version="1.0" encoding="UTF-8"?>
<!-- Generated by org.testng.reporters.JUnitReportReporter -->
<testsuite hostname="DESKTOP-S9F8K9E" failures="0" tests="4" name="test.VerifyHelpPageLink" time="76.655" errors="0" timestamp="2022-09-23T15:45:30 IST" skipped="0">
  <testcase classname="test.VerifyHelpPageLink" name="verifySetLanguage" time="45.965"/>
  <system-out/>
  <testcase classname="test.VerifyHelpPageLink" name="verifyLoginToAccountLink" time="6.897"/>
  <system-out/>
  <testcase classname="test.VerifyHelpPageLink" name="verifySetLanguage" time="11.900"/>
  <system-out/>
  <testcase classname="test.VerifyHelpPageLink" name="verifyLoginToAccountLink" time="11.893"/>
  <system-out/>
</testsuite> <!-- test.VerifyHelpPageLink -->
