<?xml version="1.0" encoding="UTF-8"?>
<!-- Generated by org.testng.reporters.JUnitReportReporter -->
<testsuite hostname="DESKTOP-S9F8K9E" failures="0" tests="2" name="test.TestNgTest" time="23.566" errors="0" timestamp="2022-09-10T19:26:16 IST" skipped="0">
  <testcase classname="test.TestNgTest" name="verifySetLanguage" time="13.951"/>
  <system-out/>
  <testcase classname="test.TestNgTest" name="verifyLoginToAccountLink" time="9.615"/>
  <system-out/>
</testsuite> <!-- test.TestNgTest -->
